<?xml version="1.0" encoding="UTF-8"?>
<!-- Generated by org.testng.reporters.JUnitReportReporter -->
<testsuite hostname="IN-4DJ9WP3" failures="0" tests="6" name="TestCases.ListApi" time="8.258" errors="0" timestamp="2023-09-23T20:34:36 IST" skipped="0">
  <testcase classname="TestCases.ListApi" name="createBoard" time="1.028"/>
  <system-out/>
  <testcase classname="TestCases.ListApi" name="createList" time="1.658"/>
  <system-out/>
  <testcase classname="TestCases.ListApi" name="NegativeTestCase_updateList" time="0.953"/>
  <system-out/>
  <testcase classname="TestCases.ListApi" name="updateList" time="0.818"/>
  <system-out/>
  <testcase classname="TestCases.ListApi" name="getList" time="1.755"/>
  <system-out/>
  <testcase classname="TestCases.ListApi" name="deleteBoard" time="2.046"/>
  <system-out/>
</testsuite> <!-- TestCases.ListApi -->
