<?xml version="1.0" encoding="UTF-8"?>
<!-- Generated by org.testng.reporters.JUnitReportReporter -->
<testsuite hostname="IN-6L172J3" failures="0" tests="7" name="TestCases.CardsApiTestCases" time="6.128" errors="0" timestamp="2022-12-18T16:52:54 IST" skipped="0">
  <testcase classname="TestCases.CardsApiTestCases" name="createBoard" time="0.836"/>
  <system-out/>
  <testcase classname="TestCases.CardsApiTestCases" name="createListForCard" time="0.727"/>
  <system-out/>
  <testcase classname="TestCases.CardsApiTestCases" name="createCard" time="0.721"/>
  <system-out/>
  <testcase classname="TestCases.CardsApiTestCases" name="updateCard" time="0.716"/>
  <system-out/>
  <testcase classname="TestCases.CardsApiTestCases" name="getCard" time="0.683"/>
  <system-out/>
  <testcase classname="TestCases.CardsApiTestCases" name="deleteCard" time="1.020"/>
  <system-out/>
  <testcase classname="TestCases.CardsApiTestCases" name="deleteBoard" time="1.425"/>
  <system-out/>
</testsuite> <!-- TestCases.CardsApiTestCases -->
