<?xml version="1.0" encoding="UTF-8"?>
<!-- Generated by org.testng.reporters.JUnitReportReporter -->
<testsuite hostname="IN-4DJ9WP3" failures="0" tests="7" name="TestCases.CardsApi" time="7.137" errors="0" timestamp="2023-09-23T20:34:36 IST" skipped="0">
  <testcase classname="TestCases.CardsApi" name="createBoard" time="1.027"/>
  <system-out/>
  <testcase classname="TestCases.CardsApi" name="createListForCard" time="1.207"/>
  <system-out/>
  <testcase classname="TestCases.CardsApi" name="createCard" time="0.887"/>
  <system-out/>
  <testcase classname="TestCases.CardsApi" name="updateCard" time="0.771"/>
  <system-out/>
  <testcase classname="TestCases.CardsApi" name="getCard" time="0.746"/>
  <system-out/>
  <testcase classname="TestCases.CardsApi" name="deleteCard" time="0.909"/>
  <system-out/>
  <testcase classname="TestCases.CardsApi" name="deleteBoard" time="1.590"/>
  <system-out/>
</testsuite> <!-- TestCases.CardsApi -->
