<?xml version="1.0" encoding="UTF-8"?>
<!-- Generated by org.testng.reporters.JUnitReportReporter -->
<testsuite hostname="IN-4DJ9WP3" failures="0" tests="4" name="TestCases.BoardApi" time="7.057" errors="0" timestamp="2023-09-23T20:34:36 IST" skipped="0">
  <testcase classname="TestCases.BoardApi" name="createBoard" time="2.319"/>
  <system-out/>
  <testcase classname="TestCases.BoardApi" name="getBoard" time="2.392"/>
  <system-out/>
  <testcase classname="TestCases.BoardApi" name="updateBoard" time="0.832"/>
  <system-out/>
  <testcase classname="TestCases.BoardApi" name="deleteBoard" time="1.514"/>
  <system-out/>
</testsuite> <!-- TestCases.BoardApi -->
