<?xml version="1.0" encoding="UTF-8"?>
<!-- Generated by org.testng.reporters.JUnitReportReporter -->
<testsuite hostname="IN-6L172J3" failures="0" tests="6" name="TestCases.ListApiTestCases" time="6.135" errors="0" timestamp="2022-12-18T16:52:54 IST" skipped="0">
  <testcase classname="TestCases.ListApiTestCases" name="createBoard" time="1.247"/>
  <system-out/>
  <testcase classname="TestCases.ListApiTestCases" name="createList" time="0.698"/>
  <system-out/>
  <testcase classname="TestCases.ListApiTestCases" name="NegativeTestCase_updateList" time="0.606"/>
  <system-out/>
  <testcase classname="TestCases.ListApiTestCases" name="updateList" time="0.591"/>
  <system-out/>
  <testcase classname="TestCases.ListApiTestCases" name="getList" time="0.640"/>
  <system-out/>
  <testcase classname="TestCases.ListApiTestCases" name="deleteBoard" time="2.353"/>
  <system-out/>
</testsuite> <!-- TestCases.ListApiTestCases -->
