<?xml version="1.0" encoding="UTF-8"?>
<!-- Generated by org.testng.reporters.JUnitReportReporter -->
<testsuite hostname="IN-4DJ9WP3" failures="0" tests="8" name="TestCases.ChecklistApi" time="8.192" errors="0" timestamp="2023-09-23T20:34:36 IST" skipped="0">
  <testcase classname="TestCases.ChecklistApi" name="createBoard" time="1.044"/>
  <system-out/>
  <testcase classname="TestCases.ChecklistApi" name="createListForCard" time="1.024"/>
  <system-out/>
  <testcase classname="TestCases.ChecklistApi" name="createCard" time="1.017"/>
  <system-out/>
  <testcase classname="TestCases.ChecklistApi" name="createChecklist" time="1.014"/>
  <system-out/>
  <testcase classname="TestCases.ChecklistApi" name="updateChecklistist" time="0.574"/>
  <system-out/>
  <testcase classname="TestCases.ChecklistApi" name="getChecklist" time="0.954"/>
  <system-out/>
  <testcase classname="TestCases.ChecklistApi" name="deleteCard" time="1.024"/>
  <system-out/>
  <testcase classname="TestCases.ChecklistApi" name="deleteBoard" time="1.541"/>
  <system-out/>
</testsuite> <!-- TestCases.ChecklistApi -->
