<?xml version="1.0" encoding="UTF-8"?>
<!-- Generated by org.testng.reporters.JUnitReportReporter -->
<testsuite hostname="IN-6L172J3" failures="0" tests="6" name="TestCases.LabelApiTestCases" time="5.110" errors="0" timestamp="2022-12-18T16:32:49 IST" skipped="0">
  <testcase classname="TestCases.LabelApiTestCases" name="createBoard" time="0.833"/>
  <system-out/>
  <testcase classname="TestCases.LabelApiTestCases" name="createLabel" time="0.747"/>
  <system-out/>
  <testcase classname="TestCases.LabelApiTestCases" name="getLabel" time="0.692"/>
  <system-out/>
  <testcase classname="TestCases.LabelApiTestCases" name="updateLabel" time="0.708"/>
  <system-out/>
  <testcase classname="TestCases.LabelApiTestCases" name="deleteLabel" time="0.700"/>
  <system-out/>
  <testcase classname="TestCases.LabelApiTestCases" name="deleteBoard" time="1.430"/>
  <system-out/>
</testsuite> <!-- TestCases.LabelApiTestCases -->
