<?xml version="1.0" encoding="UTF-8"?>
<!-- Generated by org.testng.reporters.JUnitReportReporter -->
<testsuite hostname="IN-4DJ9WP3" failures="0" tests="7" name="TestCases.CardsApi" time="7.633" errors="0" timestamp="2023-01-31T22:59:15 IST" skipped="0">
  <testcase classname="TestCases.CardsApi" name="createBoard" time="1.032"/>
  <system-out/>
  <testcase classname="TestCases.CardsApi" name="createListForCard" time="1.030"/>
  <system-out/>
  <testcase classname="TestCases.CardsApi" name="createCard" time="1.537"/>
  <system-out/>
  <testcase classname="TestCases.CardsApi" name="updateCard" time="0.752"/>
  <system-out/>
  <testcase classname="TestCases.CardsApi" name="getCard" time="0.737"/>
  <system-out/>
  <testcase classname="TestCases.CardsApi" name="deleteCard" time="1.043"/>
  <system-out/>
  <testcase classname="TestCases.CardsApi" name="deleteBoard" time="1.502"/>
  <system-out/>
</testsuite> <!-- TestCases.CardsApi -->
