<?xml version="1.0" encoding="UTF-8"?>
<!-- Generated by org.testng.reporters.JUnitReportReporter -->
<testsuite hostname="IN-6L172J3" failures="0" tests="4" name="TestCases.BoardApiTestCases" time="5.654" errors="0" timestamp="2022-12-18T15:57:03 IST" skipped="0">
  <testcase classname="TestCases.BoardApiTestCases" name="createBoard" time="2.851"/>
  <system-out/>
  <testcase classname="TestCases.BoardApiTestCases" name="getBoard" time="0.689"/>
  <system-out/>
  <testcase classname="TestCases.BoardApiTestCases" name="updateBoard" time="0.829"/>
  <system-out/>
  <testcase classname="TestCases.BoardApiTestCases" name="deleteBoard" time="1.285"/>
  <system-out/>
</testsuite> <!-- TestCases.BoardApiTestCases -->
