<?xml version="1.0" encoding="UTF-8"?>
<!-- Generated by org.testng.reporters.JUnitReportReporter -->
<testsuite hostname="IN-4DJ9WP3" failures="0" tests="6" name="TestCases.ListApi" time="4.764" errors="0" timestamp="2023-01-31T22:59:15 IST" skipped="0">
  <testcase classname="TestCases.ListApi" name="createBoard" time="0.793"/>
  <system-out/>
  <testcase classname="TestCases.ListApi" name="createList" time="0.720"/>
  <system-out/>
  <testcase classname="TestCases.ListApi" name="NegativeTestCase_updateList" time="0.658"/>
  <system-out/>
  <testcase classname="TestCases.ListApi" name="updateList" time="0.579"/>
  <system-out/>
  <testcase classname="TestCases.ListApi" name="getList" time="0.557"/>
  <system-out/>
  <testcase classname="TestCases.ListApi" name="deleteBoard" time="1.457"/>
  <system-out/>
</testsuite> <!-- TestCases.ListApi -->
