<?xml version="1.0" encoding="UTF-8"?>
<!-- Generated by org.testng.reporters.JUnitReportReporter -->
<testsuite hostname="IN-4DJ9WP3" failures="0" tests="8" name="TestCases.ChecklistApi" time="7.718" errors="0" timestamp="2023-01-31T22:59:15 IST" skipped="0">
  <testcase classname="TestCases.ChecklistApi" name="createBoard" time="1.047"/>
  <system-out/>
  <testcase classname="TestCases.ChecklistApi" name="createListForCard" time="0.655"/>
  <system-out/>
  <testcase classname="TestCases.ChecklistApi" name="createCard" time="0.903"/>
  <system-out/>
  <testcase classname="TestCases.ChecklistApi" name="createChecklist" time="0.997"/>
  <system-out/>
  <testcase classname="TestCases.ChecklistApi" name="updateChecklistist" time="0.991"/>
  <system-out/>
  <testcase classname="TestCases.ChecklistApi" name="getChecklist" time="0.596"/>
  <system-out/>
  <testcase classname="TestCases.ChecklistApi" name="deleteCard" time="0.937"/>
  <system-out/>
  <testcase classname="TestCases.ChecklistApi" name="deleteBoard" time="1.592"/>
  <system-out/>
</testsuite> <!-- TestCases.ChecklistApi -->
