<?xml version="1.0" encoding="UTF-8"?>
<!-- Generated by org.testng.reporters.JUnitReportReporter -->
<testsuite hostname="IN-6L172J3" failures="0" tests="7" name="TestCases.CardsApiTestCases" time="6.185" errors="0" timestamp="2022-12-18T15:57:03 IST" skipped="0">
  <testcase classname="TestCases.CardsApiTestCases" name="createBoard" time="0.814"/>
  <system-out/>
  <testcase classname="TestCases.CardsApiTestCases" name="createListForCard" time="0.731"/>
  <system-out/>
  <testcase classname="TestCases.CardsApiTestCases" name="createCard" time="0.931"/>
  <system-out/>
  <testcase classname="TestCases.CardsApiTestCases" name="updateCard" time="0.838"/>
  <system-out/>
  <testcase classname="TestCases.CardsApiTestCases" name="getCard" time="0.662"/>
  <system-out/>
  <testcase classname="TestCases.CardsApiTestCases" name="deleteCard" time="0.910"/>
  <system-out/>
  <testcase classname="TestCases.CardsApiTestCases" name="deleteBoard" time="1.299"/>
  <system-out/>
</testsuite> <!-- TestCases.CardsApiTestCases -->
