<?xml version="1.0" encoding="UTF-8"?>
<!-- Generated by org.testng.reporters.JUnitReportReporter -->
<testsuite hostname="IN-4DJ9WP3" failures="0" tests="4" name="TestCases.BoardApi" time="6.397" errors="0" timestamp="2023-01-31T22:59:15 IST" skipped="0">
  <testcase classname="TestCases.BoardApi" name="createBoard" time="2.337"/>
  <system-out/>
  <testcase classname="TestCases.BoardApi" name="getBoard" time="0.710"/>
  <system-out/>
  <testcase classname="TestCases.BoardApi" name="updateBoard" time="1.119"/>
  <system-out/>
  <testcase classname="TestCases.BoardApi" name="deleteBoard" time="2.231"/>
  <system-out/>
</testsuite> <!-- TestCases.BoardApi -->
