<?xml version="1.0" encoding="UTF-8"?>
<!-- Generated by org.testng.reporters.JUnitReportReporter -->
<testsuite hostname="IN-6L172J3" failures="0" tests="6" name="TestCases.LabelApiTestCases" time="5.613" errors="0" timestamp="2022-12-18T15:57:03 IST" skipped="0">
  <testcase classname="TestCases.LabelApiTestCases" name="createBoard" time="1.078"/>
  <system-out/>
  <testcase classname="TestCases.LabelApiTestCases" name="createLabel" time="0.681"/>
  <system-out/>
  <testcase classname="TestCases.LabelApiTestCases" name="getLabel" time="0.707"/>
  <system-out/>
  <testcase classname="TestCases.LabelApiTestCases" name="updateLabel" time="0.721"/>
  <system-out/>
  <testcase classname="TestCases.LabelApiTestCases" name="deleteLabel" time="1.001"/>
  <system-out/>
  <testcase classname="TestCases.LabelApiTestCases" name="deleteBoard" time="1.425"/>
  <system-out/>
</testsuite> <!-- TestCases.LabelApiTestCases -->
