<?xml version="1.0" encoding="UTF-8"?>
<!-- Generated by org.testng.reporters.JUnitReportReporter -->
<testsuite hostname="IN-6L172J3" failures="0" tests="6" name="TestCases.ListApiTestCases" time="5.148" errors="0" timestamp="2022-12-18T15:57:03 IST" skipped="0">
  <testcase classname="TestCases.ListApiTestCases" name="createBoard" time="0.782"/>
  <system-out/>
  <testcase classname="TestCases.ListApiTestCases" name="createList" time="0.676"/>
  <system-out/>
  <testcase classname="TestCases.ListApiTestCases" name="NegativeTestCase_updateList" time="0.815"/>
  <system-out/>
  <testcase classname="TestCases.ListApiTestCases" name="updateList" time="0.718"/>
  <system-out/>
  <testcase classname="TestCases.ListApiTestCases" name="getList" time="0.618"/>
  <system-out/>
  <testcase classname="TestCases.ListApiTestCases" name="deleteBoard" time="1.539"/>
  <system-out/>
</testsuite> <!-- TestCases.ListApiTestCases -->
